<?xml version="1.0" encoding="UTF-8"?>
<!-- Generated by org.testng.reporters.JUnitReportReporter -->
<testsuite hostname="LAPTOP-FBP5ETGI" failures="0" tests="2" name="com.mindtree.runner.BigSmall" time="17.833" errors="0" timestamp="2021-11-23T10:45:48 GMT+05:30" skipped="0">
  <testcase classname="com.mindtree.runner.BigSmall" name="homePageLanding" time="12.383"/>
  <system-out/>
  <testcase classname="com.mindtree.runner.BigSmall" name="AllOfItTesting" time="5.450"/>
  <system-out/>
</testsuite> <!-- com.mindtree.runner.BigSmall -->
